#
# A fatal error has been detected by the Java Runtime Environment:
#
#  Internal Error (javaCalls.cpp:62), pid=5585, tid=11523
#  guarantee(thread->is_Java_thread()) failed: crucial check - the VM thread cannot and must not escape to Java code
#
# JRE version: Java(TM) SE Runtime Environment (7.0_45-b18) (build 1.7.0_45-b18)
# Java VM: Java HotSpot(TM) 64-Bit Server VM (24.45-b08 mixed mode bsd-amd64 compressed oops)
# Failed to write core dump. Core dumps have been disabled. To enable core dumping, try "ulimit -c unlimited" before starting Java again
#
# If you would like to submit a bug report, please visit:
#   http://bugreport.sun.com/bugreport/crash.jsp
#

---------------  T H R E A D  ---------------

Current thread (0x00007ffceb045000):  VMThread [stack: 0x000000011729e000,0x000000011739e000] [id=11523]

Stack: [0x000000011729e000,0x000000011739e000],  sp=0x000000011739ce40,  free space=1019k
Native frames: (J=compiled Java code, j=interpreted, Vv=VM code, C=native code)
V  [libjvm.dylib+0x524ee9]  VMError::report_and_die()+0x5d5
V  [libjvm.dylib+0x1ec38d]  report_vm_error(char const*, int, char const*, char const*)+0x54
V  [libjvm.dylib+0x2d68ac]  JavaCallWrapper::JavaCallWrapper(methodHandle, Handle, JavaValue*, Thread*)+0x64
V  [libjvm.dylib+0x2d6d2c]  JavaCalls::call_helper(JavaValue*, methodHandle*, JavaCallArguments*, Thread*)+0x1c6
V  [libjvm.dylib+0x2d704d]  JavaCalls::call_special(JavaValue*, KlassHandle, Symbol*, Symbol*, JavaCallArguments*, Thread*)+0x81
V  [libjvm.dylib+0x23fc3b]  Exceptions::new_exception(Thread*, Symbol*, Symbol*, JavaCallArguments*, Handle, Handle)+0x103
V  [libjvm.dylib+0x23fd38]  Exceptions::new_exception(Thread*, Symbol*, Symbol*, JavaCallArguments*, Handle, Handle, Handle)+0x2a
V  [libjvm.dylib+0x23ffa9]  Exceptions::new_exception(Thread*, Symbol*, char const*, Handle, Handle, Handle, Exceptions::ExceptionMsgToUtf8Mode)+0x169
V  [libjvm.dylib+0x23ffc4]  Exceptions::new_exception(Thread*, Symbol*, char const*, Exceptions::ExceptionMsgToUtf8Mode)+0x18
V  [libjvm.dylib+0x278eaa]  GenerateOopMap::verify_error(char const*, ...)+0xfe
V  [libjvm.dylib+0x27bd2f]  GenerateOopMap::init_basic_blocks()+0x183
V  [libjvm.dylib+0x27be20]  GenerateOopMap::do_interpretation()+0x26
V  [libjvm.dylib+0x27c1d2]  GenerateOopMap::compute_map(Thread*)+0x1c6
V  [libjvm.dylib+0x41371a]  OopMapForCacheEntry::compute_map(Thread*)+0xb0
V  [libjvm.dylib+0x413879]  OopMapCacheEntry::fill(methodHandle, int)+0xb1
V  [libjvm.dylib+0x413ae6]  OopMapCache::lookup(methodHandle, int, InterpreterOopMap*)+0x126
V  [libjvm.dylib+0x51ee45]  interpretedVFrame::locals() const+0x91
V  [libjvm.dylib+0x3729d5]  VM_GetOrSetLocal::doit()+0x22f
V  [libjvm.dylib+0x52bf21]  VM_Operation::evaluate()+0x4f
V  [libjvm.dylib+0x52a5d1]  VMThread::evaluate_operation(VM_Operation*)+0xdf
V  [libjvm.dylib+0x52aa1c]  VMThread::loop()+0x328
V  [libjvm.dylib+0x52a35b]  VMThread::run()+0x79
V  [libjvm.dylib+0x41b1c6]  java_start(Thread*)+0x126
C  [libsystem_pthread.dylib+0x1899]  _pthread_body+0x8a
C  [libsystem_pthread.dylib+0x172a]  _pthread_struct_init+0x0
C  [libsystem_pthread.dylib+0x5fc9]  thread_start+0xd

VM_Operation (0x00000001178fb958): GetOrSetLocal, mode: safepoint, requested by thread 0x00007ffcea014800


---------------  P R O C E S S  ---------------

Java Threads: ( => current thread )
  0x00007ffcea828000 JavaThread "Thread-11" [_thread_blocked, id=27667, stack(0x0000000118b17000,0x0000000118c17000)]
  0x00007ffceba3a800 JavaThread "pool-1-thread-1" [_thread_blocked, id=13067, stack(0x0000000118a14000,0x0000000118b14000)]
  0x00007ffcea9e5000 JavaThread "NioProcessor-5" [_thread_in_native, id=13579, stack(0x0000000118911000,0x0000000118a11000)]
  0x00007ffcea207000 JavaThread "DestroyJavaVM" [_thread_blocked, id=6403, stack(0x0000000110201000,0x0000000110301000)]
  0x00007ffceb891800 JavaThread "Thread-2" [_thread_blocked, id=25347, stack(0x0000000118eab000,0x0000000118fab000)]
  0x00007ffcea814000 JavaThread "NioSocketAcceptor-1" [_thread_in_native, id=24839, stack(0x0000000118da8000,0x0000000118ea8000)]
  0x00007ffcea0b5800 JavaThread "Thread-1" [_thread_blocked, id=23299, stack(0x00000001184b1000,0x00000001185b1000)]
  0x00007ffcea8dd000 JavaThread "Gogo shell" daemon [_thread_in_native, id=22787, stack(0x00000001182e2000,0x00000001183e2000)]
  0x00007ffcea0e1800 JavaThread "FelixStartLevel" daemon [_thread_blocked, id=22275, stack(0x00000001181ac000,0x00000001182ac000)]
  0x00007ffcea016000 JavaThread "FelixDispatchQueue" [_thread_blocked, id=21763, stack(0x0000000118039000,0x0000000118139000)]
  0x00007ffceb80e000 JavaThread "Service Thread" daemon [_thread_blocked, id=20739, stack(0x0000000117d0b000,0x0000000117e0b000)]
  0x00007ffceb051800 JavaThread "C2 CompilerThread1" daemon [_thread_blocked, id=20227, stack(0x0000000117c08000,0x0000000117d08000)]
  0x00007ffcea006000 JavaThread "C2 CompilerThread0" daemon [_thread_blocked, id=19715, stack(0x0000000117b05000,0x0000000117c05000)]
  0x00007ffcea015800 JavaThread "JDWP Command Reader" daemon [_thread_in_native, id=19203, stack(0x0000000117a02000,0x0000000117b02000)]
  0x00007ffceb80d800 JavaThread "JDWP Event Helper Thread" daemon [_thread_blocked, id=18691, stack(0x00000001178ff000,0x00000001179ff000)]
  0x00007ffcea014800 JavaThread "JDWP Transport Listener: dt_socket" daemon [_thread_blocked, id=18179, stack(0x00000001177fc000,0x00000001178fc000)]
  0x00007ffceb80c000 JavaThread "Signal Dispatcher" daemon [_thread_blocked, id=17667, stack(0x00000001176f3000,0x00000001177f3000)]
  0x00007ffcea813000 JavaThread "Finalizer" daemon [_thread_blocked, id=12547, stack(0x00000001174a4000,0x00000001175a4000)]
  0x00007ffceb045800 JavaThread "Reference Handler" daemon [_thread_blocked, id=12035, stack(0x00000001173a1000,0x00000001174a1000)]

Other Threads:
=>0x00007ffceb045000 VMThread [stack: 0x000000011729e000,0x000000011739e000] [id=11523]
  0x00007ffceb80c800 WatcherThread [stack: 0x0000000117e0e000,0x0000000117f0e000] [id=21251]

VM state:at safepoint (normal execution)

VM Mutex/Monitor currently owned by a thread:  ([mutex/lock_event])
[0x00007ffce9f028c0] Threads_lock - owner thread: 0x00007ffceb045000

Heap
 PSYoungGen      total 297984K, used 203825K [0x00000007eaa80000, 0x00000007fd680000, 0x0000000800000000)
  eden space 290304K, 70% used [0x00000007eaa80000,0x00000007f7124510,0x00000007fc600000)
  from space 7680K, 5% used [0x00000007fce00000,0x00000007fce68000,0x00000007fd580000)
  to   space 8192K, 0% used [0x00000007fc600000,0x00000007fc600000,0x00000007fce00000)
 ParOldGen       total 26624K, used 13378K [0x00000007c0000000, 0x00000007c1a00000, 0x00000007eaa80000)
  object space 26624K, 50% used [0x00000007c0000000,0x00000007c0d10bb0,0x00000007c1a00000)
 PSPermGen       total 34304K, used 15275K [0x00000007bae00000, 0x00000007bcf80000, 0x00000007c0000000)
  object space 34304K, 44% used [0x00000007bae00000,0x00000007bbceada0,0x00000007bcf80000)

Card table byte_map: [0x00000001133c3000,0x00000001135ed000] byte_map_base: 0x000000010f5ec000

Polling page: 0x000000010f948000

Code Cache  [0x0000000110303000, 0x0000000110573000, 0x0000000113303000)
 total_blobs=811 nmethods=524 adapters=249 free_code_cache=47125Kb largest_free_block=48218688

Compilation events (10 events):
Event: 541.256 Thread 0x00007ffcea006000  566             sun.security.provider.SecureRandom::updateState (86 bytes)
Event: 541.264 Thread 0x00007ffcea006000 nmethod 566 0x00000001104fecd0 code [0x00000001104fee20, 0x00000001104ff158]
Event: 541.328 Thread 0x00007ffcea006000  567             org.apache.log4j.PatternLayout::format (72 bytes)
Event: 541.350 Thread 0x00007ffcea006000 nmethod 567 0x00000001104ff710 code [0x00000001104ff8c0, 0x0000000110500728]
Event: 559.227 Thread 0x00007ffceb051800  568             com.sun.org.apache.xerces.internal.impl.XMLEntityScanner::skipString (104 bytes)
Event: 559.368 Thread 0x00007ffceb051800 nmethod 568 0x00000001105055d0 code [0x00000001105057c0, 0x0000000110506238]
Event: 559.392 Thread 0x00007ffcea006000  569             java.util.WeakHashMap::get (77 bytes)
Event: 559.394 Thread 0x00007ffceb051800  570 %           java.util.Arrays::fill @ 5 (21 bytes)
Event: 559.403 Thread 0x00007ffceb051800 nmethod 570% 0x00000001104de050 code [0x00000001104de1a0, 0x00000001104de3f8]
Event: 559.408 Thread 0x00007ffcea006000 nmethod 569 0x00000001104e57d0 code [0x00000001104e5960, 0x00000001104e5e28]

GC Heap History (10 events):
Event: 686.744 GC heap before
{Heap before GC invocations=448 (full 2):
 PSYoungGen      total 183296K, used 183072K [0x00000007eaa80000, 0x00000007fad80000, 0x0000000800000000)
  eden space 181248K, 100% used [0x00000007eaa80000,0x00000007f5b80000,0x00000007f5b80000)
  from space 2048K, 89% used [0x00000007fa000000,0x00000007fa1c8010,0x00000007fa200000)
  to   space 7680K, 0% used [0x00000007fa600000,0x00000007fa600000,0x00000007fad80000)
 ParOldGen       total 26624K, used 13274K [0x00000007c0000000, 0x00000007c1a00000, 0x00000007eaa80000)
  object space 26624K, 49% used [0x00000007c0000000,0x00000007c0cf6bb0,0x00000007c1a00000)
 PSPermGen       total 34304K, used 15162K [0x00000007bae00000, 0x00000007bcf80000, 0x00000007c0000000)
  object space 34304K, 44% used [0x00000007bae00000,0x00000007bbcce930,0x00000007bcf80000)
Event: 686.753 GC heap after
Heap after GC invocations=448 (full 2):
 PSYoungGen      total 179712K, used 6368K [0x00000007eaa80000, 0x00000007fac80000, 0x0000000800000000)
  eden space 173056K, 0% used [0x00000007eaa80000,0x00000007eaa80000,0x00000007f5380000)
  from space 6656K, 95% used [0x00000007fa600000,0x00000007fac38020,0x00000007fac80000)
  to   space 8704K, 0% used [0x00000007f9b80000,0x00000007f9b80000,0x00000007fa400000)
 ParOldGen       total 26624K, used 13346K [0x00000007c0000000, 0x00000007c1a00000, 0x00000007eaa80000)
  object space 26624K, 50% used [0x00000007c0000000,0x00000007c0d08bb0,0x00000007c1a00000)
 PSPermGen       total 34304K, used 15162K [0x00000007bae00000, 0x00000007bcf80000, 0x00000007c0000000)
  object space 34304K, 44% used [0x00000007bae00000,0x00000007bbcce930,0x00000007bcf80000)
}
Event: 687.761 GC heap before
{Heap before GC invocations=449 (full 2):
 PSYoungGen      total 179712K, used 179424K [0x00000007eaa80000, 0x00000007fac80000, 0x0000000800000000)
  eden space 173056K, 100% used [0x00000007eaa80000,0x00000007f5380000,0x00000007f5380000)
  from space 6656K, 95% used [0x00000007fa600000,0x00000007fac38020,0x00000007fac80000)
  to   space 8704K, 0% used [0x00000007f9b80000,0x00000007f9b80000,0x00000007fa400000)
 ParOldGen       total 26624K, used 13346K [0x00000007c0000000, 0x00000007c1a00000, 0x00000007eaa80000)
  object space 26624K, 50% used [0x00000007c0000000,0x00000007c0d08bb0,0x00000007c1a00000)
 PSPermGen       total 34304K, used 15162K [0x00000007bae00000, 0x00000007bcf80000, 0x00000007c0000000)
  object space 34304K, 44% used [0x00000007bae00000,0x00000007bbcce930,0x00000007bcf80000)
Event: 687.792 GC heap after
Heap after GC invocations=449 (full 2):
 PSYoungGen      total 211456K, used 4096K [0x00000007eaa80000, 0x00000007fa680000, 0x0000000800000000)
  eden space 206848K, 0% used [0x00000007eaa80000,0x00000007eaa80000,0x00000007f7480000)
  from space 4608K, 88% used [0x00000007f9b80000,0x00000007f9f80010,0x00000007fa000000)
  to   space 6656K, 0% used [0x00000007fa000000,0x00000007fa000000,0x00000007fa680000)
 ParOldGen       total 26624K, used 13354K [0x00000007c0000000, 0x00000007c1a00000, 0x00000007eaa80000)
  object space 26624K, 50% used [0x00000007c0000000,0x00000007c0d0abb0,0x00000007c1a00000)
 PSPermGen       total 34304K, used 15162K [0x00000007bae00000, 0x00000007bcf80000, 0x00000007c0000000)
  object space 34304K, 44% used [0x00000007bae00000,0x00000007bbcce930,0x00000007bcf80000)
}
Event: 688.976 GC heap before
{Heap before GC invocations=450 (full 2):
 PSYoungGen      total 211456K, used 210944K [0x00000007eaa80000, 0x00000007fa680000, 0x0000000800000000)
  eden space 206848K, 100% used [0x00000007eaa80000,0x00000007f7480000,0x00000007f7480000)
  from space 4608K, 88% used [0x00000007f9b80000,0x00000007f9f80010,0x00000007fa000000)
  to   space 6656K, 0% used [0x00000007fa000000,0x00000007fa000000,0x00000007fa680000)
 ParOldGen       total 26624K, used 13354K [0x00000007c0000000, 0x00000007c1a00000, 0x00000007eaa80000)
  object space 26624K, 50% used [0x00000007c0000000,0x00000007c0d0abb0,0x00000007c1a00000)
 PSPermGen       total 34304K, used 15162K [0x00000007bae00000, 0x00000007bcf80000, 0x00000007c0000000)
  object space 34304K, 44% used [0x00000007bae00000,0x00000007bbcce930,0x00000007bcf80000)
Event: 688.983 GC heap after
Heap after GC invocations=450 (full 2):
 PSYoungGen      total 249856K, used 3168K [0x00000007eaa80000, 0x00000007fab80000, 0x0000000800000000)
  eden space 243200K, 0% used [0x00000007eaa80000,0x00000007eaa80000,0x00000007f9800000)
  from space 6656K, 47% used [0x00000007fa000000,0x00000007fa318010,0x00000007fa680000)
  to   space 8192K, 0% used [0x00000007f9800000,0x00000007f9800000,0x00000007fa000000)
 ParOldGen       total 26624K, used 13362K [0x00000007c0000000, 0x00000007c1a00000, 0x00000007eaa80000)
  object space 26624K, 50% used [0x00000007c0000000,0x00000007c0d0cbb0,0x00000007c1a00000)
 PSPermGen       total 34304K, used 15162K [0x00000007bae00000, 0x00000007bcf80000, 0x00000007c0000000)
  object space 34304K, 44% used [0x00000007bae00000,0x00000007bbcce930,0x00000007bcf80000)
}
Event: 690.241 GC heap before
{Heap before GC invocations=451 (full 2):
 PSYoungGen      total 249856K, used 246368K [0x00000007eaa80000, 0x00000007fab80000, 0x0000000800000000)
  eden space 243200K, 100% used [0x00000007eaa80000,0x00000007f9800000,0x00000007f9800000)
  from space 6656K, 47% used [0x00000007fa000000,0x00000007fa318010,0x00000007fa680000)
  to   space 8192K, 0% used [0x00000007f9800000,0x00000007f9800000,0x00000007fa000000)
 ParOldGen       total 26624K, used 13362K [0x00000007c0000000, 0x00000007c1a00000, 0x00000007eaa80000)
  object space 26624K, 50% used [0x00000007c0000000,0x00000007c0d0cbb0,0x00000007c1a00000)
 PSPermGen       total 34304K, used 15162K [0x00000007bae00000, 0x00000007bcf80000, 0x00000007c0000000)
  object space 34304K, 44% used [0x00000007bae00000,0x00000007bbcce930,0x00000007bcf80000)
Event: 690.283 GC heap after
Heap after GC invocations=451 (full 2):
 PSYoungGen      total 251392K, used 4192K [0x00000007eaa80000, 0x00000007fd580000, 0x0000000800000000)
  eden space 243200K, 0% used [0x00000007eaa80000,0x00000007eaa80000,0x00000007f9800000)
  from space 8192K, 51% used [0x00000007f9800000,0x00000007f9c18010,0x00000007fa000000)
  to   space 7680K, 0% used [0x00000007fce00000,0x00000007fce00000,0x00000007fd580000)
 ParOldGen       total 26624K, used 13370K [0x00000007c0000000, 0x00000007c1a00000, 0x00000007eaa80000)
  object space 26624K, 50% used [0x00000007c0000000,0x00000007c0d0ebb0,0x00000007c1a00000)
 PSPermGen       total 34304K, used 15162K [0x00000007bae00000, 0x00000007bcf80000, 0x00000007c0000000)
  object space 34304K, 44% used [0x00000007bae00000,0x00000007bbcce930,0x00000007bcf80000)
}
Event: 692.035 GC heap before
{Heap before GC invocations=452 (full 2):
 PSYoungGen      total 251392K, used 247392K [0x00000007eaa80000, 0x00000007fd580000, 0x0000000800000000)
  eden space 243200K, 100% used [0x00000007eaa80000,0x00000007f9800000,0x00000007f9800000)
  from space 8192K, 51% used [0x00000007f9800000,0x00000007f9c18010,0x00000007fa000000)
  to   space 7680K, 0% used [0x00000007fce00000,0x00000007fce00000,0x00000007fd580000)
 ParOldGen       total 26624K, used 13370K [0x00000007c0000000, 0x00000007c1a00000, 0x00000007eaa80000)
  object space 26624K, 50% used [0x00000007c0000000,0x00000007c0d0ebb0,0x00000007c1a00000)
 PSPermGen       total 34304K, used 15162K [0x00000007bae00000, 0x00000007bcf80000, 0x00000007c0000000)
  object space 34304K, 44% used [0x00000007bae00000,0x00000007bbcce930,0x00000007bcf80000)
Event: 692.048 GC heap after
Heap after GC invocations=452 (full 2):
 PSYoungGen      total 297984K, used 416K [0x00000007eaa80000, 0x00000007fd680000, 0x0000000800000000)
  eden space 290304K, 0% used [0x00000007eaa80000,0x00000007eaa80000,0x00000007fc600000)
  from space 7680K, 5% used [0x00000007fce00000,0x00000007fce68000,0x00000007fd580000)
  to   space 8192K, 0% used [0x00000007fc600000,0x00000007fc600000,0x00000007fce00000)
 ParOldGen       total 26624K, used 13378K [0x00000007c0000000, 0x00000007c1a00000, 0x00000007eaa80000)
  object space 26624K, 50% used [0x00000007c0000000,0x00000007c0d10bb0,0x00000007c1a00000)
 PSPermGen       total 34304K, used 15162K [0x00000007bae00000, 0x00000007bcf80000, 0x00000007c0000000)
  object space 34304K, 44% used [0x00000007bae00000,0x00000007bbcce930,0x00000007bcf80000)
}

Deoptimization events (10 events):
Event: 559.434 Thread 0x00007ffcea828000 Uncommon trap: reason=unhandled action=none pc=0x000000011048edd8 method=java.lang.Class.getMethod(Ljava/lang/String;[Ljava/lang/Class;)Ljava/lang/reflect/Method; @ 60
Event: 559.434 Thread 0x00007ffcea828000 Uncommon trap: reason=unhandled action=none pc=0x000000011048edd8 method=java.lang.Class.getMethod(Ljava/lang/String;[Ljava/lang/Class;)Ljava/lang/reflect/Method; @ 60
Event: 559.434 Thread 0x00007ffcea828000 Uncommon trap: reason=unhandled action=none pc=0x000000011048edd8 method=java.lang.Class.getMethod(Ljava/lang/String;[Ljava/lang/Class;)Ljava/lang/reflect/Method; @ 60
Event: 559.434 Thread 0x00007ffcea828000 Uncommon trap: reason=unhandled action=none pc=0x000000011048edd8 method=java.lang.Class.getMethod(Ljava/lang/String;[Ljava/lang/Class;)Ljava/lang/reflect/Method; @ 60
Event: 559.434 Thread 0x00007ffcea828000 Uncommon trap: reason=unhandled action=none pc=0x000000011048edd8 method=java.lang.Class.getMethod(Ljava/lang/String;[Ljava/lang/Class;)Ljava/lang/reflect/Method; @ 60
Event: 559.434 Thread 0x00007ffcea828000 Uncommon trap: reason=unhandled action=none pc=0x000000011048edd8 method=java.lang.Class.getMethod(Ljava/lang/String;[Ljava/lang/Class;)Ljava/lang/reflect/Method; @ 60
Event: 559.434 Thread 0x00007ffcea828000 Uncommon trap: reason=unhandled action=none pc=0x000000011048edd8 method=java.lang.Class.getMethod(Ljava/lang/String;[Ljava/lang/Class;)Ljava/lang/reflect/Method; @ 60
Event: 559.435 Thread 0x00007ffcea828000 Uncommon trap: reason=unhandled action=none pc=0x000000011048edd8 method=java.lang.Class.getMethod(Ljava/lang/String;[Ljava/lang/Class;)Ljava/lang/reflect/Method; @ 60
Event: 559.435 Thread 0x00007ffcea828000 Uncommon trap: reason=unhandled action=none pc=0x000000011048edd8 method=java.lang.Class.getMethod(Ljava/lang/String;[Ljava/lang/Class;)Ljava/lang/reflect/Method; @ 60
Event: 559.435 Thread 0x00007ffcea828000 Uncommon trap: reason=unhandled action=none pc=0x000000011048edd8 method=java.lang.Class.getMethod(Ljava/lang/String;[Ljava/lang/Class;)Ljava/lang/reflect/Method; @ 60

Internal exceptions (10 events):
Event: 691.405 Thread 0x00007ffcea0b5800 Threw 0x00000007f63d92d0 at /HUDSON/workspace/7u-2-build-macosx-x86_64/jdk7u45/229/hotspot/src/share/vm/prims/jni.cpp:717
Event: 691.918 Thread 0x00007ffceb891800 Threw 0x00000007f8c974c0 at /HUDSON/workspace/7u-2-build-macosx-x86_64/jdk7u45/229/hotspot/src/share/vm/prims/jni.cpp:717
Event: 692.013 Thread 0x00007ffcea0b5800 Threw 0x00000007f95c08d0 at /HUDSON/workspace/7u-2-build-macosx-x86_64/jdk7u45/229/hotspot/src/share/vm/prims/jni.cpp:717
Event: 692.504 Thread 0x00007ffceb891800 Threw 0x00000007ed05fe00 at /HUDSON/workspace/7u-2-build-macosx-x86_64/jdk7u45/229/hotspot/src/share/vm/prims/jni.cpp:717
Event: 692.581 Thread 0x00007ffcea0b5800 Threw 0x00000007ee0bbc40 at /HUDSON/workspace/7u-2-build-macosx-x86_64/jdk7u45/229/hotspot/src/share/vm/prims/jni.cpp:717
Event: 693.072 Thread 0x00007ffceb891800 Threw 0x00000007f040eac0 at /HUDSON/workspace/7u-2-build-macosx-x86_64/jdk7u45/229/hotspot/src/share/vm/prims/jni.cpp:717
Event: 693.191 Thread 0x00007ffcea0b5800 Threw 0x00000007f1387318 at /HUDSON/workspace/7u-2-build-macosx-x86_64/jdk7u45/229/hotspot/src/share/vm/prims/jni.cpp:717
Event: 693.431 Thread 0x00007ffceb891800 Threw 0x00000007f2f163c0 at /HUDSON/workspace/7u-2-build-macosx-x86_64/jdk7u45/229/hotspot/src/share/vm/prims/jni.cpp:717
Event: 693.530 Thread 0x00007ffcea0b5800 Threw 0x00000007f4653448 at /HUDSON/workspace/7u-2-build-macosx-x86_64/jdk7u45/229/hotspot/src/share/vm/prims/jni.cpp:717
Event: 693.739 Thread 0x00007ffceb891800 Threw 0x00000007f5fe0a38 at /HUDSON/workspace/7u-2-build-macosx-x86_64/jdk7u45/229/hotspot/src/share/vm/prims/jni.cpp:717

Events (10 events):
Event: 693.149 Executing VM operation: ChangeSingleStep done
Event: 693.191 Thread 0x00007ffcea0b5800 DEOPT PACKING pc=0x00000001104cdcc0 sp=0x00000001185b0830
Event: 693.191 Thread 0x00007ffcea0b5800 DEOPT UNPACKING pc=0x000000011033be0f sp=0x00000001185b0330 mode 1
Event: 693.431 Thread 0x00007ffceb891800 DEOPT PACKING pc=0x00000001104cdcc0 sp=0x0000000118faa7d0
Event: 693.431 Thread 0x00007ffceb891800 DEOPT UNPACKING pc=0x000000011033be0f sp=0x0000000118faa2d0 mode 1
Event: 693.530 Thread 0x00007ffcea0b5800 DEOPT PACKING pc=0x00000001104cdcc0 sp=0x00000001185b0830
Event: 693.530 Thread 0x00007ffcea0b5800 DEOPT UNPACKING pc=0x000000011033be0f sp=0x00000001185b0330 mode 1
Event: 693.739 Thread 0x00007ffceb891800 DEOPT PACKING pc=0x00000001104cdcc0 sp=0x0000000118faa7d0
Event: 693.739 Thread 0x00007ffceb891800 DEOPT UNPACKING pc=0x000000011033be0f sp=0x0000000118faa2d0 mode 1
Event: 693.912 Executing VM operation: GetOrSetLocal


Dynamic libraries:
0x000000000c384000 	/System/Library/Frameworks/Cocoa.framework/Versions/A/Cocoa
0x000000000c384000 	/System/Library/Frameworks/Security.framework/Versions/A/Security
0x000000000c384000 	/System/Library/Frameworks/ApplicationServices.framework/Versions/A/ApplicationServices
0x000000000c384000 	/usr/lib/libz.1.dylib
0x000000000c384000 	/usr/lib/libSystem.B.dylib
0x000000000c384000 	/usr/lib/libobjc.A.dylib
0x000000000c384000 	/System/Library/Frameworks/CoreFoundation.framework/Versions/A/CoreFoundation
0x000000000c384000 	/System/Library/Frameworks/Foundation.framework/Versions/C/Foundation
0x000000000c384000 	/System/Library/Frameworks/AppKit.framework/Versions/C/AppKit
0x000000000c384000 	/System/Library/Frameworks/CoreData.framework/Versions/A/CoreData
0x000000000c384000 	/System/Library/PrivateFrameworks/RemoteViewServices.framework/Versions/A/RemoteViewServices
0x000000000c384000 	/System/Library/Frameworks/AudioToolbox.framework/Versions/A/AudioToolbox
0x000000000c384000 	/System/Library/Frameworks/AudioUnit.framework/Versions/A/AudioUnit
0x000000000c384000 	/System/Library/PrivateFrameworks/DataDetectorsCore.framework/Versions/A/DataDetectorsCore
0x000000000c384000 	/System/Library/PrivateFrameworks/DesktopServicesPriv.framework/Versions/A/DesktopServicesPriv
0x000000000c384000 	/System/Library/Frameworks/Carbon.framework/Versions/A/Frameworks/HIToolbox.framework/Versions/A/HIToolbox
0x000000000c384000 	/System/Library/Frameworks/QuartzCore.framework/Versions/A/QuartzCore
0x000000000c384000 	/System/Library/Frameworks/Carbon.framework/Versions/A/Frameworks/SpeechRecognition.framework/Versions/A/SpeechRecognition
0x000000000c384000 	/usr/lib/libauto.dylib
0x000000000c384000 	/usr/lib/libicucore.A.dylib
0x000000000c384000 	/usr/lib/libxml2.2.dylib
0x000000000c384000 	/System/Library/PrivateFrameworks/CoreUI.framework/Versions/A/CoreUI
0x000000000c384000 	/System/Library/Frameworks/CoreAudio.framework/Versions/A/CoreAudio
0x000000000c384000 	/System/Library/Frameworks/DiskArbitration.framework/Versions/A/DiskArbitration
0x000000000c384000 	/usr/lib/liblangid.dylib
0x000000000c384000 	/System/Library/PrivateFrameworks/MultitouchSupport.framework/Versions/A/MultitouchSupport
0x000000000c384000 	/System/Library/Frameworks/IOKit.framework/Versions/A/IOKit
0x000000000c384000 	/usr/lib/libDiagnosticMessagesClient.dylib
0x000000000c384000 	/System/Library/Frameworks/CoreServices.framework/Versions/A/CoreServices
0x000000000c384000 	/System/Library/PrivateFrameworks/PerformanceAnalysis.framework/Versions/A/PerformanceAnalysis
0x000000000c384000 	/System/Library/PrivateFrameworks/GenerationalStorage.framework/Versions/A/GenerationalStorage
0x000000000c384000 	/System/Library/Frameworks/OpenGL.framework/Versions/A/OpenGL
0x000000000c384000 	/System/Library/PrivateFrameworks/Sharing.framework/Versions/A/Sharing
0x000000000c384000 	/System/Library/Frameworks/ImageIO.framework/Versions/A/ImageIO
0x000000000c384000 	/System/Library/Frameworks/CoreText.framework/Versions/A/CoreText
0x000000000c384000 	/System/Library/Frameworks/CoreGraphics.framework/Versions/A/CoreGraphics
0x000000000c384000 	/System/Library/PrivateFrameworks/Backup.framework/Versions/A/Backup
0x000000000c384000 	/System/Library/Frameworks/CFNetwork.framework/Versions/A/CFNetwork
0x000000000c384000 	/System/Library/Frameworks/SystemConfiguration.framework/Versions/A/SystemConfiguration
0x000000000c384000 	/usr/lib/libCRFSuite.dylib
0x000000000c384000 	/usr/lib/libc++.1.dylib
0x000000000c384000 	/usr/lib/libc++abi.dylib
0x000000000c384000 	/usr/lib/system/libcache.dylib
0x000000000c384000 	/usr/lib/system/libcommonCrypto.dylib
0x000000000c384000 	/usr/lib/system/libcompiler_rt.dylib
0x000000000c384000 	/usr/lib/system/libcopyfile.dylib
0x000000000c384000 	/usr/lib/system/libcorecrypto.dylib
0x000000000c384000 	/usr/lib/system/libdispatch.dylib
0x000000000c384000 	/usr/lib/system/libdyld.dylib
0x000000000c384000 	/usr/lib/system/libkeymgr.dylib
0x000000000c384000 	/usr/lib/system/liblaunch.dylib
0x000000000c384000 	/usr/lib/system/libmacho.dylib
0x000000000c384000 	/usr/lib/system/libquarantine.dylib
0x000000000c384000 	/usr/lib/system/libremovefile.dylib
0x000000000c384000 	/usr/lib/system/libsystem_asl.dylib
0x000000000c384000 	/usr/lib/system/libsystem_blocks.dylib
0x000000000c384000 	/usr/lib/system/libsystem_c.dylib
0x000000000c384000 	/usr/lib/system/libsystem_configuration.dylib
0x000000000c384000 	/usr/lib/system/libsystem_dnssd.dylib
0x000000000c384000 	/usr/lib/system/libsystem_info.dylib
0x000000000c384000 	/usr/lib/system/libsystem_kernel.dylib
0x000000000c384000 	/usr/lib/system/libsystem_m.dylib
0x000000000c384000 	/usr/lib/system/libsystem_malloc.dylib
0x000000000c384000 	/usr/lib/system/libsystem_network.dylib
0x000000000c384000 	/usr/lib/system/libsystem_notify.dylib
0x000000000c384000 	/usr/lib/system/libsystem_platform.dylib
0x000000000c384000 	/usr/lib/system/libsystem_pthread.dylib
0x000000000c384000 	/usr/lib/system/libsystem_sandbox.dylib
0x000000000c384000 	/usr/lib/system/libsystem_stats.dylib
0x000000000c384000 	/usr/lib/system/libunc.dylib
0x000000000c384000 	/usr/lib/system/libunwind.dylib
0x000000000c384000 	/usr/lib/system/libxpc.dylib
0x000000000c384000 	/usr/lib/libbsm.0.dylib
0x000000000c384000 	/usr/lib/libsqlite3.dylib
0x000000000c384000 	/usr/lib/libxar.1.dylib
0x000000000c384000 	/usr/lib/libpam.2.dylib
0x000000000c384000 	/usr/lib/libOpenScriptingUtil.dylib
0x000000000c384000 	/usr/lib/libbz2.1.0.dylib
0x000000000c384000 	/System/Library/Frameworks/CoreServices.framework/Versions/A/Frameworks/CarbonCore.framework/Versions/A/CarbonCore
0x000000000c384000 	/System/Library/Frameworks/CoreServices.framework/Versions/A/Frameworks/Metadata.framework/Versions/A/Metadata
0x000000000c384000 	/System/Library/Frameworks/CoreServices.framework/Versions/A/Frameworks/OSServices.framework/Versions/A/OSServices
0x000000000c384000 	/System/Library/Frameworks/CoreServices.framework/Versions/A/Frameworks/SearchKit.framework/Versions/A/SearchKit
0x000000000c384000 	/System/Library/Frameworks/CoreServices.framework/Versions/A/Frameworks/AE.framework/Versions/A/AE
0x000000000c384000 	/System/Library/Frameworks/CoreServices.framework/Versions/A/Frameworks/LaunchServices.framework/Versions/A/LaunchServices
0x000000000c384000 	/System/Library/Frameworks/CoreServices.framework/Versions/A/Frameworks/DictionaryServices.framework/Versions/A/DictionaryServices
0x000000000c384000 	/System/Library/Frameworks/NetFS.framework/Versions/A/NetFS
0x000000000c384000 	/usr/lib/system/libkxld.dylib
0x000000000c384000 	/System/Library/PrivateFrameworks/NetAuth.framework/Versions/A/NetAuth
0x000000000c384000 	/System/Library/PrivateFrameworks/TCC.framework/Versions/A/TCC
0x000000000c384000 	/System/Library/Frameworks/OpenDirectory.framework/Versions/A/Frameworks/CFOpenDirectory.framework/Versions/A/CFOpenDirectory
0x000000000c384000 	/System/Library/Frameworks/ServiceManagement.framework/Versions/A/ServiceManagement
0x000000000c384000 	/usr/lib/libxslt.1.dylib
0x000000000c384000 	/System/Library/Frameworks/Carbon.framework/Versions/A/Frameworks/Ink.framework/Versions/A/Ink
0x000000000c384000 	/System/Library/Frameworks/ApplicationServices.framework/Versions/A/Frameworks/ATS.framework/Versions/A/ATS
0x000000000c384000 	/System/Library/Frameworks/ApplicationServices.framework/Versions/A/Frameworks/ColorSync.framework/Versions/A/ColorSync
0x000000000c384000 	/System/Library/Frameworks/ApplicationServices.framework/Versions/A/Frameworks/HIServices.framework/Versions/A/HIServices
0x000000000c384000 	/System/Library/Frameworks/ApplicationServices.framework/Versions/A/Frameworks/LangAnalysis.framework/Versions/A/LangAnalysis
0x000000000c384000 	/System/Library/Frameworks/ApplicationServices.framework/Versions/A/Frameworks/PrintCore.framework/Versions/A/PrintCore
0x000000000c384000 	/System/Library/Frameworks/ApplicationServices.framework/Versions/A/Frameworks/QD.framework/Versions/A/QD
0x000000000c384000 	/System/Library/Frameworks/ApplicationServices.framework/Versions/A/Frameworks/SpeechSynthesis.framework/Versions/A/SpeechSynthesis
0x000000000c384000 	/System/Library/Frameworks/IOSurface.framework/Versions/A/IOSurface
0x000000000c384000 	/System/Library/Frameworks/Accelerate.framework/Versions/A/Accelerate
0x000000000c384000 	/System/Library/Frameworks/Accelerate.framework/Versions/A/Frameworks/vImage.framework/Versions/A/vImage
0x000000000c384000 	/System/Library/Frameworks/Accelerate.framework/Versions/A/Frameworks/vecLib.framework/Versions/A/vecLib
0x000000000c384000 	/System/Library/Frameworks/Accelerate.framework/Versions/A/Frameworks/vecLib.framework/Versions/A/libvDSP.dylib
0x000000000c384000 	/System/Library/Frameworks/Accelerate.framework/Versions/A/Frameworks/vecLib.framework/Versions/A/libvMisc.dylib
0x000000000c384000 	/System/Library/Frameworks/Accelerate.framework/Versions/A/Frameworks/vecLib.framework/Versions/A/libLAPACK.dylib
0x000000000c384000 	/System/Library/Frameworks/Accelerate.framework/Versions/A/Frameworks/vecLib.framework/Versions/A/libBLAS.dylib
0x000000000c384000 	/System/Library/Frameworks/ApplicationServices.framework/Versions/A/Frameworks/ATS.framework/Versions/A/Resources/libFontParser.dylib
0x000000000c384000 	/System/Library/Frameworks/ApplicationServices.framework/Versions/A/Frameworks/ATS.framework/Versions/A/Resources/libFontRegistry.dylib
0x000000000c384000 	/System/Library/Frameworks/ImageIO.framework/Versions/A/Resources/libJPEG.dylib
0x000000000c384000 	/System/Library/Frameworks/ImageIO.framework/Versions/A/Resources/libTIFF.dylib
0x000000000c384000 	/System/Library/Frameworks/ImageIO.framework/Versions/A/Resources/libPng.dylib
0x000000000c384000 	/System/Library/Frameworks/ImageIO.framework/Versions/A/Resources/libGIF.dylib
0x000000000c384000 	/System/Library/Frameworks/ImageIO.framework/Versions/A/Resources/libJP2.dylib
0x000000000c384000 	/System/Library/Frameworks/ImageIO.framework/Versions/A/Resources/libRadiance.dylib
0x000000000c384000 	/usr/lib/libcups.2.dylib
0x000000000c384000 	/System/Library/Frameworks/Kerberos.framework/Versions/A/Kerberos
0x000000000c384000 	/System/Library/Frameworks/GSS.framework/Versions/A/GSS
0x000000000c384000 	/usr/lib/libresolv.9.dylib
0x000000000c384000 	/usr/lib/libiconv.2.dylib
0x000000000c384000 	/System/Library/PrivateFrameworks/Heimdal.framework/Versions/A/Heimdal
0x000000000c384000 	/System/Library/PrivateFrameworks/TrustEvaluationAgent.framework/Versions/A/TrustEvaluationAgent
0x000000000c384000 	/usr/lib/libheimdal-asn1.dylib
0x000000000c384000 	/System/Library/Frameworks/OpenDirectory.framework/Versions/A/OpenDirectory
0x000000000c384000 	/System/Library/PrivateFrameworks/CommonAuth.framework/Versions/A/CommonAuth
0x000000000c384000 	/System/Library/Frameworks/SecurityFoundation.framework/Versions/A/SecurityFoundation
0x000000000c384000 	/System/Library/PrivateFrameworks/Bom.framework/Versions/A/Bom
0x000000000c384000 	/System/Library/Frameworks/CoreVideo.framework/Versions/A/CoreVideo
0x000000000c384000 	/System/Library/Frameworks/QuartzCore.framework/Versions/A/Frameworks/CoreImage.framework/Versions/A/CoreImage
0x000000000c384000 	/System/Library/Frameworks/QuartzCore.framework/Versions/A/Frameworks/ScalableUserInterface.framework/Versions/A/ScalableUserInterface
0x000000000c384000 	/System/Library/Frameworks/OpenGL.framework/Versions/A/Libraries/libGLU.dylib
0x000000000c384000 	/System/Library/Frameworks/OpenGL.framework/Versions/A/Libraries/libGFXShared.dylib
0x000000000c384000 	/System/Library/Frameworks/OpenGL.framework/Versions/A/Libraries/libGL.dylib
0x000000000c384000 	/System/Library/Frameworks/OpenGL.framework/Versions/A/Libraries/libGLImage.dylib
0x000000000c384000 	/System/Library/Frameworks/OpenGL.framework/Versions/A/Libraries/libCVMSPluginSupport.dylib
0x000000000c384000 	/System/Library/Frameworks/OpenGL.framework/Versions/A/Libraries/libCoreVMClient.dylib
0x000000000c384000 	/System/Library/PrivateFrameworks/FaceCore.framework/Versions/A/FaceCore
0x000000000c384000 	/System/Library/PrivateFrameworks/CrashReporterSupport.framework/Versions/A/CrashReporterSupport
0x000000000c384000 	/System/Library/Frameworks/OpenCL.framework/Versions/A/OpenCL
0x000000000c384000 	/System/Library/PrivateFrameworks/AppleFSCompression.framework/Versions/A/AppleFSCompression
0x000000000c384000 	/System/Library/PrivateFrameworks/Ubiquity.framework/Versions/A/Ubiquity
0x000000000c384000 	/System/Library/PrivateFrameworks/IconServices.framework/Versions/A/IconServices
0x000000000c384000 	/System/Library/PrivateFrameworks/ChunkingLibrary.framework/Versions/A/ChunkingLibrary
0x000000000c384000 	/System/Library/PrivateFrameworks/CoreSymbolication.framework/Versions/A/CoreSymbolication
0x000000000c384000 	/System/Library/PrivateFrameworks/Symbolication.framework/Versions/A/Symbolication
0x000000000c384000 	/System/Library/PrivateFrameworks/DebugSymbols.framework/Versions/A/DebugSymbols
0x000000010eddc000 	/System/Library/CoreServices/Encodings/libSimplifiedChineseConverter.dylib
0x000000010eea2000 	/Library/Java/JavaVirtualMachines/jdk1.7.0_45.jdk/Contents/Home/jre/lib/server/libjvm.dylib
0x000000000c384000 	/usr/lib/libstdc++.6.dylib
0x000000010f90b000 	/Library/Java/JavaVirtualMachines/jdk1.7.0_45.jdk/Contents/Home/jre/lib/libverify.dylib
0x000000010f918000 	/Library/Java/JavaVirtualMachines/jdk1.7.0_45.jdk/Contents/Home/jre/lib/libjava.dylib
0x000000010f949000 	/Library/Java/JavaVirtualMachines/jdk1.7.0_45.jdk/Contents/Home/jre/lib/libjdwp.dylib
0x000000010f986000 	/Library/Java/JavaVirtualMachines/jdk1.7.0_45.jdk/Contents/Home/jre/lib/libnpt.dylib
0x000000010f993000 	/Library/Java/JavaVirtualMachines/jdk1.7.0_45.jdk/Contents/Home/jre/lib/libzip.dylib
0x00000001175a6000 	/System/Library/Frameworks/JavaVM.framework/Frameworks/JavaRuntimeSupport.framework/JavaRuntimeSupport
0x00000001175be000 	/System/Library/Frameworks/JavaVM.framework/Versions/A/Frameworks/JavaNativeFoundation.framework/Versions/A/JavaNativeFoundation
0x00000001175d3000 	/System/Library/Frameworks/JavaVM.framework/Versions/A/JavaVM
0x000000000c384000 	/System/Library/Frameworks/Carbon.framework/Versions/A/Carbon
0x00000001175e0000 	/System/Library/PrivateFrameworks/JavaLaunching.framework/Versions/A/JavaLaunching
0x000000000c384000 	/System/Library/Frameworks/Carbon.framework/Versions/A/Frameworks/CommonPanels.framework/Versions/A/CommonPanels
0x000000000c384000 	/System/Library/Frameworks/Carbon.framework/Versions/A/Frameworks/Help.framework/Versions/A/Help
0x000000000c384000 	/System/Library/Frameworks/Carbon.framework/Versions/A/Frameworks/ImageCapture.framework/Versions/A/ImageCapture
0x000000000c384000 	/System/Library/Frameworks/Carbon.framework/Versions/A/Frameworks/OpenScripting.framework/Versions/A/OpenScripting
0x000000000c384000 	/System/Library/Frameworks/Carbon.framework/Versions/A/Frameworks/Print.framework/Versions/A/Print
0x000000000c384000 	/System/Library/Frameworks/Carbon.framework/Versions/A/Frameworks/SecurityHI.framework/Versions/A/SecurityHI
0x00000001177f5000 	/Library/Java/JavaVirtualMachines/jdk1.7.0_45.jdk/Contents/Home/jre/lib/libdt_socket.dylib
0x000000011813b000 	/Library/Java/JavaVirtualMachines/jdk1.7.0_45.jdk/Contents/Home/jre/lib/libnet.dylib
0x0000000118198000 	/Library/Java/JavaVirtualMachines/jdk1.7.0_45.jdk/Contents/Home/jre/lib/libnio.dylib
0x0000000117602000 	/Library/Java/JavaVirtualMachines/jdk1.7.0_45.jdk/Contents/Home/jre/lib/libsunec.dylib

VM Arguments:
jvm_args: -agentlib:jdwp=transport=dt_socket,suspend=y,address=localhost:55178 -ea -Dfile.encoding=UTF-8 
java_command: com.antelope.ci.bus.CIBus -h /data/software/eclipse/workspace/@Antelope.CI/com.antelope.ci.bus/builder/app/com.antelope.ci.bus.portal -m dev
Launcher Type: SUN_STANDARD

Environment Variables:
PATH=/Users/eric/.autojump/bin:/usr/bin:/bin:/usr/sbin:/sbin:/usr/local/bin:/data/software/apache-maven-3.0.5/bin:/usr/local/git/bin:/usr/local/go/bin
SHELL=/bin/zsh

Signal Handlers:
SIGSEGV: [libjvm.dylib+0x525415], sa_mask[0]=0xfffefeff, sa_flags=0x00000043
SIGBUS: [libjvm.dylib+0x525415], sa_mask[0]=0xfffefeff, sa_flags=0x00000042
SIGFPE: [libjvm.dylib+0x41891a], sa_mask[0]=0xfffefeff, sa_flags=0x00000042
SIGPIPE: [libjvm.dylib+0x41891a], sa_mask[0]=0xfffefeff, sa_flags=0x00000042
SIGXFSZ: [libjvm.dylib+0x41891a], sa_mask[0]=0xfffefeff, sa_flags=0x00000042
SIGILL: [libjvm.dylib+0x41891a], sa_mask[0]=0xfffefeff, sa_flags=0x00000042
SIGUSR1: SIG_DFL, sa_mask[0]=0x00000000, sa_flags=0x00000002
SIGUSR2: [libjvm.dylib+0x41840c], sa_mask[0]=0x00000004, sa_flags=0x00000042
SIGHUP: [libjvm.dylib+0x41669b], sa_mask[0]=0xfffefeff, sa_flags=0x00000042
SIGINT: [libjvm.dylib+0x41669b], sa_mask[0]=0xfffefeff, sa_flags=0x00000042
SIGTERM: [libjvm.dylib+0x41669b], sa_mask[0]=0xfffefeff, sa_flags=0x00000042
SIGQUIT: [libjvm.dylib+0x41669b], sa_mask[0]=0xfffefeff, sa_flags=0x00000042


---------------  S Y S T E M  ---------------

OS:Bsduname:Darwin 13.1.0 Darwin Kernel Version 13.1.0: Thu Jan 16 19:40:37 PST 2014; root:xnu-2422.90.20~2/RELEASE_X86_64 x86_64
rlimit: STACK 8192k, CORE 0k, NPROC 709, NOFILE 10240, AS infinity
load average:7.05 6.82 7.07

CPU:total 4 (2 cores per cpu, 2 threads per core) family 6 model 58 stepping 9, cmov, cx8, fxsr, mmx, sse, sse2, sse3, ssse3, sse4.1, sse4.2, popcnt, avx, aes, erms, ht, tsc, tscinvbit, tscinv

Memory: 4k page, physical 4194304k(1048576k free)

/proc/meminfo:


vm_info: Java HotSpot(TM) 64-Bit Server VM (24.45-b08) for bsd-amd64 JRE (1.7.0_45-b18), built on Oct  8 2013 05:54:16 by "java_re" with gcc 4.2.1 (Based on Apple Inc. build 5658) (LLVM build 2336.11.00)

time: Sat Apr 12 22:32:35 2014
elapsed time: 693 seconds

